Build started 4/25/2012 4:30:10 AM.
     1>Project "C:\Users\Michael Bekesz\Desktop\Projects\BDS2011\BDS2011\BDS2011.vcxproj" on node 2 (build target(s)).
     1>InitializeBuildStatus:
         Touching "Debug\BDS2011.unsuccessfulbuild".
       ClCompile:
         All outputs are up-to-date.
       ManifestResourceCompile:
         All outputs are up-to-date.
       Link:
         C:\Program Files (x86)\Microsoft Visual Studio 10.0\VC\bin\link.exe /ERRORREPORT:PROMPT /OUT:"C:\Users\Michael Bekesz\Desktop\Projects\BDS2011\Debug\BDS2011.exe" /INCREMENTAL /NOLOGO kernel32.lib user32.lib gdi32.lib winspool.lib comdlg32.lib advapi32.lib shell32.lib ole32.lib oleaut32.lib uuid.lib odbc32.lib odbccp32.lib /MANIFEST /ManifestFile:"Debug\BDS2011.exe.intermediate.manifest" /MANIFESTUAC:"level='asInvoker' uiAccess='false'" /DEBUG /PDB:"C:\Users\Michael Bekesz\Desktop\Projects\BDS2011\Debug\BDS2011.pdb" /SUBSYSTEM:CONSOLE /TLBID:1 /DYNAMICBASE /NXCOMPAT /IMPLIB:"C:\Users\Michael Bekesz\Desktop\Projects\BDS2011\Debug\BDS2011.lib" /MACHINE:X86 Debug\BDS2011.exe.embed.manifest.res
         Debug\CheckInputNumber.obj
         Debug\main.obj
       Manifest:
         C:\Program Files (x86)\Microsoft SDKs\Windows\v7.0A\bin\mt.exe /nologo /verbose /out:"Debug\BDS2011.exe.embed.manifest" /manifest Debug\BDS2011.exe.intermediate.manifest
         All outputs are up-to-date.
       LinkEmbedManifest:
         All outputs are up-to-date.
         BDS2011.vcxproj -> C:\Users\Michael Bekesz\Desktop\Projects\BDS2011\Debug\BDS2011.exe
       FinalizeBuildStatus:
         Deleting file "Debug\BDS2011.unsuccessfulbuild".
         Touching "Debug\BDS2011.lastbuildstate".
     1>Done Building Project "C:\Users\Michael Bekesz\Desktop\Projects\BDS2011\BDS2011\BDS2011.vcxproj" (build target(s)).

Build succeeded.

Time Elapsed 00:00:00.54
